11/24/2020 19:39 | New Scene | 0h 6m 57s
11/24/2020 20:02 | bakery2 | 0h 0m 50s
11/24/2020 20:09 | bakery3 | 0h 0m 18s
11/24/2020 20:25 | bakery3 | 0h 0m 12s
11/24/2020 20:27 | bakery2 | 0h 0m 54s
11/28/2020 14:40 | small_scene | 0h 6m 8s
12/04/2020 21:33 | small_scene | 0h 6m 50s
12/04/2020 23:10 | small_scene | 0h 8m 56s
12/13/2020 17:22 | small_scene | 0h 6m 44s
01/12/2021 19:53 | small_scene | 0h 6m 28s
02/27/2021 21:06 | Havana | 0h 6m 41s
03/04/2021 23:33 | Favela | 0h 5m 11s
03/04/2021 23:45 | Favela | 0h 6m 38s
03/06/2021 23:42 | MCTown | 0h 5m 11s
03/09/2021 20:32 | Havana | 0h 6m 30s
03/26/2021 22:34 | Havana | 0h 5m 47s
03/26/2021 22:46 | Havana | 0h 7m 9s
04/20/2021 22:19 | Havana | 0h 5m 13s
04/25/2021 16:19 | Havana | 0h 5m 17s
04/30/2021 10:03 | Havana_maze | 0h 7m 20s
05/02/2021 20:23 | Havana_maze | 0h 4m 3s
05/04/2021 23:22 | Havana_maze | 0h 3m 48s
05/13/2021 20:54 | Havana_maze | 0h 4m 30s
05/17/2021 20:51 | Havana_maze | 0h 4m 15s
05/19/2021 22:13 | Havana_maze | 0h 4m 1s
06/01/2021 21:27 | Havana_maze | 0h 3m 24s
06/14/2021 23:42 | Havana_maze | 0h 5m 5s
07/10/2021 11:17 | Havana_maze | 0h 5m 36s
07/11/2021 11:47 | Havana_maze | 0h 4m 58s
